2025-07-01 21:32:18,087 [modloading-worker-0] WARN treasure2 | TreasureLootTableRegistry.java:173 | unable to locate file in jar -> data/treasure2/loot_tables/injects
2025-07-01 21:32:26,926 [main] INFO treasure2 | TreasureTags.java:135 | in tags updated event
2025-07-01 21:32:26,927 [main] INFO treasure2 | TreasureTags.java:152 | registering key -> treasure2:stone_key by rarity -> COMMON
2025-07-01 21:32:26,927 [main] INFO treasure2 | TreasureTags.java:152 | registering key -> treasure2:leaf_key by rarity -> UNCOMMON
2025-07-01 21:32:26,927 [main] INFO treasure2 | TreasureTags.java:152 | registering key -> treasure2:gold_key by rarity -> SCARCE
2025-07-01 21:32:26,928 [main] INFO treasure2 | TreasureTags.java:152 | registering key -> treasure2:diamond_key by rarity -> RARE
2025-07-01 21:32:26,928 [main] INFO treasure2 | TreasureTags.java:152 | registering key -> treasure2:thiefs_lock_pick by rarity -> UNCOMMON
2025-07-01 21:32:26,928 [main] INFO treasure2 | TreasureTags.java:152 | registering key -> treasure2:ember_key by rarity -> SCARCE
2025-07-01 21:32:26,928 [main] INFO treasure2 | TreasureTags.java:152 | registering key -> treasure2:wood_key by rarity -> COMMON
2025-07-01 21:32:26,928 [main] INFO treasure2 | TreasureTags.java:152 | registering key -> treasure2:metallurgists_key by rarity -> RARE
2025-07-01 21:32:26,928 [main] INFO treasure2 | TreasureTags.java:152 | registering key -> treasure2:skeleton_key by rarity -> RARE
2025-07-01 21:32:26,928 [main] INFO treasure2 | TreasureTags.java:152 | registering key -> treasure2:jewelled_key by rarity -> EPIC
2025-07-01 21:32:26,928 [main] INFO treasure2 | TreasureTags.java:152 | registering key -> treasure2:ruby_key by rarity -> EPIC
2025-07-01 21:32:26,928 [main] INFO treasure2 | TreasureTags.java:152 | registering key -> treasure2:onyx_key by rarity -> SCARCE
2025-07-01 21:32:26,928 [main] INFO treasure2 | TreasureTags.java:152 | registering key -> treasure2:emerald_key by rarity -> RARE
2025-07-01 21:32:26,929 [main] INFO treasure2 | TreasureTags.java:152 | registering key -> treasure2:lightning_key by rarity -> SCARCE
2025-07-01 21:32:26,929 [main] INFO treasure2 | TreasureTags.java:152 | registering key -> treasure2:topaz_key by rarity -> SCARCE
2025-07-01 21:32:26,929 [main] INFO treasure2 | TreasureTags.java:152 | registering key -> treasure2:sapphire_key by rarity -> EPIC
2025-07-01 21:32:26,929 [main] INFO treasure2 | TreasureTags.java:152 | registering key -> treasure2:pilferers_lock_pick by rarity -> COMMON
2025-07-01 21:32:26,929 [main] INFO treasure2 | TreasureTags.java:152 | registering key -> treasure2:iron_key by rarity -> UNCOMMON
2025-07-01 21:32:26,929 [main] INFO treasure2 | TreasureTags.java:152 | registering key -> treasure2:wither_key by rarity -> RARE
2025-07-01 21:32:26,929 [main] INFO treasure2 | TreasureTags.java:152 | registering key -> treasure2:spider_key by rarity -> SCARCE
2025-07-01 21:32:26,929 [main] INFO treasure2 | TreasureTags.java:152 | registering key -> treasure2:one_key by rarity -> MYTHICAL
2025-07-01 21:32:26,929 [main] INFO treasure2 | TreasureTags.java:167 | registering lock -> treasure2:onyx_lock by rarity -> SCARCE
2025-07-01 21:32:26,930 [main] INFO treasure2 | TreasureTags.java:167 | registering lock -> treasure2:spider_lock by rarity -> SCARCE
2025-07-01 21:32:26,930 [main] INFO treasure2 | TreasureTags.java:167 | registering lock -> treasure2:emerald_lock by rarity -> RARE
2025-07-01 21:32:26,930 [main] INFO treasure2 | TreasureTags.java:167 | registering lock -> treasure2:ruby_lock by rarity -> EPIC
2025-07-01 21:32:26,930 [main] INFO treasure2 | TreasureTags.java:167 | registering lock -> treasure2:stone_lock by rarity -> COMMON
2025-07-01 21:32:26,930 [main] INFO treasure2 | TreasureTags.java:167 | registering lock -> treasure2:leaf_lock by rarity -> UNCOMMON
2025-07-01 21:32:26,930 [main] INFO treasure2 | TreasureTags.java:167 | registering lock -> treasure2:sapphire_lock by rarity -> EPIC
2025-07-01 21:32:26,930 [main] INFO treasure2 | TreasureTags.java:167 | registering lock -> treasure2:diamond_lock by rarity -> RARE
2025-07-01 21:32:26,930 [main] INFO treasure2 | TreasureTags.java:167 | registering lock -> treasure2:ember_lock by rarity -> SCARCE
2025-07-01 21:32:26,930 [main] INFO treasure2 | TreasureTags.java:167 | registering lock -> treasure2:gold_lock by rarity -> SCARCE
2025-07-01 21:32:26,930 [main] INFO treasure2 | TreasureTags.java:167 | registering lock -> treasure2:wood_lock by rarity -> COMMON
2025-07-01 21:32:26,930 [main] INFO treasure2 | TreasureTags.java:167 | registering lock -> treasure2:iron_lock by rarity -> UNCOMMON
2025-07-01 21:32:26,930 [main] INFO treasure2 | TreasureTags.java:167 | registering lock -> treasure2:topaz_lock by rarity -> SCARCE
2025-07-01 21:32:26,931 [main] INFO treasure2 | TreasureTags.java:184 | registering chest -> treasure2:barrel_chest by rarity -> UNCOMMON
2025-07-01 21:32:26,931 [main] INFO treasure2 | TreasureTags.java:184 | registering chest -> treasure2:viking_chest by rarity -> UNCOMMON
2025-07-01 21:32:26,931 [main] INFO treasure2 | TreasureTags.java:184 | registering chest -> treasure2:pirate_chest by rarity -> SCARCE
2025-07-01 21:32:26,931 [main] INFO treasure2 | TreasureTags.java:184 | registering chest -> treasure2:safe by rarity -> RARE
2025-07-01 21:32:26,931 [main] INFO treasure2 | TreasureTags.java:184 | registering chest -> treasure2:cauldron_chest by rarity -> CAULDRON
2025-07-01 21:32:26,931 [main] INFO treasure2 | TreasureTags.java:184 | registering chest -> treasure2:crate_chest by rarity -> UNCOMMON
2025-07-01 21:32:26,931 [main] INFO treasure2 | TreasureTags.java:184 | registering chest -> treasure2:crate_chest_moldy by rarity -> COMMON
2025-07-01 21:32:26,931 [main] INFO treasure2 | TreasureTags.java:184 | registering chest -> treasure2:dread_pirate_chest by rarity -> EPIC
2025-07-01 21:32:26,931 [main] INFO treasure2 | TreasureTags.java:184 | registering chest -> treasure2:spider_chest by rarity -> RARE
2025-07-01 21:32:26,931 [main] INFO treasure2 | TreasureTags.java:184 | registering chest -> treasure2:ironbound_chest by rarity -> UNCOMMON
2025-07-01 21:32:26,932 [main] INFO treasure2 | TreasureTags.java:184 | registering chest -> treasure2:skull_chest by rarity -> SKULL
2025-07-01 21:32:26,932 [main] INFO treasure2 | TreasureTags.java:184 | registering chest -> treasure2:milk_crate by rarity -> COMMON
2025-07-01 21:32:26,932 [main] INFO treasure2 | TreasureTags.java:184 | registering chest -> treasure2:vanilla_chest by rarity -> COMMON
2025-07-01 21:32:26,932 [main] INFO treasure2 | TreasureTags.java:184 | registering chest -> treasure2:gold_skull_chest by rarity -> GOLD_SKULL
2025-07-01 21:32:26,932 [main] INFO treasure2 | TreasureTags.java:184 | registering chest -> treasure2:gold_strongbox by rarity -> RARE
2025-07-01 21:32:26,932 [main] INFO treasure2 | TreasureTags.java:184 | registering chest -> treasure2:iron_strongbox by rarity -> SCARCE
2025-07-01 21:32:26,932 [main] INFO treasure2 | TreasureTags.java:184 | registering chest -> treasure2:crystal_skull_chest by rarity -> CRYSTAL_SKULL
2025-07-01 21:32:26,932 [main] INFO treasure2 | TreasureTags.java:184 | registering chest -> treasure2:wood_chest by rarity -> COMMON
2025-07-01 21:32:26,932 [main] INFO treasure2 | TreasureTags.java:184 | registering chest -> treasure2:wither_chest by rarity -> WITHER
2025-07-01 21:32:26,932 [main] INFO treasure2 | TreasureTags.java:184 | registering chest -> treasure2:compressor_chest by rarity -> EPIC
2025-07-01 21:32:26,932 [main] INFO treasure2 | TreasureTags.java:184 | registering chest -> treasure2:cardboard_box by rarity -> COMMON
2025-07-01 21:32:26,933 [main] INFO treasure2 | TreasureTags.java:201 | registering wishable -> treasure2:onyx by rarity -> RARE
2025-07-01 21:32:26,933 [main] INFO treasure2 | TreasureTags.java:201 | registering wishable -> treasure2:ruby by rarity -> RARE
2025-07-01 21:32:26,933 [main] INFO treasure2 | TreasureTags.java:201 | registering wishable -> treasure2:white_pearl by rarity -> RARE
2025-07-01 21:32:26,933 [main] INFO treasure2 | TreasureTags.java:201 | registering wishable -> treasure2:sapphire by rarity -> EPIC
2025-07-01 21:32:26,933 [main] INFO treasure2 | TreasureTags.java:201 | registering wishable -> treasure2:black_pearl by rarity -> EPIC
2025-07-01 21:32:26,933 [main] INFO treasure2 | TreasureTags.java:201 | registering wishable -> treasure2:gold_coin by rarity -> SCARCE
2025-07-01 21:32:26,934 [main] INFO treasure2 | TreasureTags.java:201 | registering wishable -> treasure2:topaz by rarity -> SCARCE
2025-07-01 21:32:26,934 [main] INFO treasure2 | TreasureTags.java:201 | registering wishable -> minecraft:diamond by rarity -> SCARCE
2025-07-01 21:32:26,934 [main] INFO treasure2 | TreasureTags.java:201 | registering wishable -> minecraft:emerald by rarity -> SCARCE
2025-07-01 21:32:26,934 [main] INFO treasure2 | TreasureTags.java:201 | registering wishable -> treasure2:silver_coin by rarity -> UNCOMMON
2025-07-01 21:32:26,934 [main] INFO treasure2 | TreasureTags.java:201 | registering wishable -> treasure2:copper_coin by rarity -> COMMON
2025-07-01 21:32:27,436 [Server thread] INFO treasure2 | Config.java:760 | transforming mob set config...
2025-07-01 21:32:27,436 [Thread-2] INFO treasure2 | Config.java:760 | transforming mob set config...
2025-07-01 21:32:27,444 [Thread-2] INFO treasure2 | Config.java:769 | adding mobset to map -> MobSet{name='treasure2:wishing_well_group', category='wishing_wells', biomeWhitelist=[], biomeBlacklist=[], count=IntegerRange [min=1, max=3], mobs=[WeightedMob{name='minecraft:zombie', weight=35}, WeightedMob{name='minecraft:zombie_villager', weight=10}, WeightedMob{name='minecraft:skeleton', weight=35}, WeightedMob{name='minecraft:vex', weight=20}, WeightedMob{name='minecraft:creeper', weight=15}, WeightedMob{name='minecraft:slime', weight=5}]}
2025-07-01 21:32:27,444 [Thread-2] INFO treasure2 | Config.java:769 | adding mobset to map -> MobSet{name='treasure2:wither_tree_group', category='wither_trees', biomeWhitelist=[], biomeBlacklist=[], count=IntegerRange [min=1, max=3], mobs=[WeightedMob{name='minecraft:wither_skeleton', weight=90}, WeightedMob{name='minecraft:skeleton', weight=10}]}
2025-07-01 21:32:27,445 [Thread-2] INFO treasure2 | Config.java:769 | adding mobset to map -> MobSet{name='treasure2:small_zombie_group', category='zombies', biomeWhitelist=[], biomeBlacklist=[], count=IntegerRange [min=1, max=3], mobs=[WeightedMob{name='minecraft:zombie', weight=90}, WeightedMob{name='minecraft:zombie_villager', weight=10}]}
2025-07-01 21:32:27,445 [Thread-2] INFO treasure2 | Config.java:769 | adding mobset to map -> MobSet{name='treasure2:medium_zombie_group', category='zombies', biomeWhitelist=[], biomeBlacklist=[], count=IntegerRange [min=2, max=5], mobs=[WeightedMob{name='minecraft:zombie', weight=90}, WeightedMob{name='minecraft:zombie_villager', weight=10}]}
2025-07-01 21:32:27,444 [Server thread] INFO treasure2 | Config.java:769 | adding mobset to map -> MobSet{name='treasure2:wishing_well_group', category='wishing_wells', biomeWhitelist=[], biomeBlacklist=[], count=IntegerRange [min=1, max=3], mobs=[WeightedMob{name='minecraft:zombie', weight=35}, WeightedMob{name='minecraft:zombie_villager', weight=10}, WeightedMob{name='minecraft:skeleton', weight=35}, WeightedMob{name='minecraft:vex', weight=20}, WeightedMob{name='minecraft:creeper', weight=15}, WeightedMob{name='minecraft:slime', weight=5}]}
2025-07-01 21:32:27,445 [Server thread] INFO treasure2 | Config.java:769 | adding mobset to map -> MobSet{name='treasure2:wither_tree_group', category='wither_trees', biomeWhitelist=[], biomeBlacklist=[], count=IntegerRange [min=1, max=3], mobs=[WeightedMob{name='minecraft:wither_skeleton', weight=90}, WeightedMob{name='minecraft:skeleton', weight=10}]}
2025-07-01 21:32:27,445 [Server thread] INFO treasure2 | Config.java:769 | adding mobset to map -> MobSet{name='treasure2:small_zombie_group', category='zombies', biomeWhitelist=[], biomeBlacklist=[], count=IntegerRange [min=1, max=3], mobs=[WeightedMob{name='minecraft:zombie', weight=90}, WeightedMob{name='minecraft:zombie_villager', weight=10}]}
2025-07-01 21:32:27,445 [Server thread] INFO treasure2 | Config.java:769 | adding mobset to map -> MobSet{name='treasure2:medium_zombie_group', category='zombies', biomeWhitelist=[], biomeBlacklist=[], count=IntegerRange [min=2, max=5], mobs=[WeightedMob{name='minecraft:zombie', weight=90}, WeightedMob{name='minecraft:zombie_villager', weight=10}]}
2025-07-01 21:32:27,446 [Thread-2] INFO treasure2 | Config.java:760 | transforming mob set config...
2025-07-01 21:32:27,447 [Thread-2] INFO treasure2 | Config.java:769 | adding mobset to map -> MobSet{name='treasure2:wishing_well_group', category='wishing_wells', biomeWhitelist=[], biomeBlacklist=[], count=IntegerRange [min=1, max=3], mobs=[WeightedMob{name='minecraft:zombie', weight=35}, WeightedMob{name='minecraft:zombie_villager', weight=10}, WeightedMob{name='minecraft:skeleton', weight=35}, WeightedMob{name='minecraft:vex', weight=20}, WeightedMob{name='minecraft:creeper', weight=15}, WeightedMob{name='minecraft:slime', weight=5}]}
2025-07-01 21:32:27,447 [Thread-2] INFO treasure2 | Config.java:769 | adding mobset to map -> MobSet{name='treasure2:wither_tree_group', category='wither_trees', biomeWhitelist=[], biomeBlacklist=[], count=IntegerRange [min=1, max=3], mobs=[WeightedMob{name='minecraft:wither_skeleton', weight=90}, WeightedMob{name='minecraft:skeleton', weight=10}]}
2025-07-01 21:32:27,447 [Thread-2] INFO treasure2 | Config.java:769 | adding mobset to map -> MobSet{name='treasure2:small_zombie_group', category='zombies', biomeWhitelist=[], biomeBlacklist=[], count=IntegerRange [min=1, max=3], mobs=[WeightedMob{name='minecraft:zombie', weight=90}, WeightedMob{name='minecraft:zombie_villager', weight=10}]}
2025-07-01 21:32:27,447 [Thread-2] INFO treasure2 | Config.java:769 | adding mobset to map -> MobSet{name='treasure2:medium_zombie_group', category='zombies', biomeWhitelist=[], biomeBlacklist=[], count=IntegerRange [min=2, max=5], mobs=[WeightedMob{name='minecraft:zombie', weight=90}, WeightedMob{name='minecraft:zombie_villager', weight=10}]}
2025-07-01 21:32:27,448 [Thread-2] INFO treasure2 | Config.java:760 | transforming mob set config...
2025-07-01 21:32:27,449 [Thread-2] INFO treasure2 | Config.java:769 | adding mobset to map -> MobSet{name='treasure2:wishing_well_group', category='wishing_wells', biomeWhitelist=[], biomeBlacklist=[], count=IntegerRange [min=1, max=3], mobs=[WeightedMob{name='minecraft:zombie', weight=35}, WeightedMob{name='minecraft:zombie_villager', weight=10}, WeightedMob{name='minecraft:skeleton', weight=35}, WeightedMob{name='minecraft:vex', weight=20}, WeightedMob{name='minecraft:creeper', weight=15}, WeightedMob{name='minecraft:slime', weight=5}]}
2025-07-01 21:32:27,449 [Thread-2] INFO treasure2 | Config.java:769 | adding mobset to map -> MobSet{name='treasure2:wither_tree_group', category='wither_trees', biomeWhitelist=[], biomeBlacklist=[], count=IntegerRange [min=1, max=3], mobs=[WeightedMob{name='minecraft:wither_skeleton', weight=90}, WeightedMob{name='minecraft:skeleton', weight=10}]}
2025-07-01 21:32:27,449 [Thread-2] INFO treasure2 | Config.java:769 | adding mobset to map -> MobSet{name='treasure2:small_zombie_group', category='zombies', biomeWhitelist=[], biomeBlacklist=[], count=IntegerRange [min=1, max=3], mobs=[WeightedMob{name='minecraft:zombie', weight=90}, WeightedMob{name='minecraft:zombie_villager', weight=10}]}
2025-07-01 21:32:27,449 [Thread-2] INFO treasure2 | Config.java:769 | adding mobset to map -> MobSet{name='treasure2:medium_zombie_group', category='zombies', biomeWhitelist=[], biomeBlacklist=[], count=IntegerRange [min=2, max=5], mobs=[WeightedMob{name='minecraft:zombie', weight=90}, WeightedMob{name='minecraft:zombie_villager', weight=10}]}
2025-07-01 21:32:28,373 [Server thread] INFO treasure2 | WorldEventHandler.java:54 | In world load event
2025-07-01 21:32:28,374 [Server thread] INFO treasure2 | WorldEventHandler.java:64 | In world load event for dimension minecraft:overworld
2025-07-01 21:32:28,390 [Server thread] INFO treasure2 | MobSetRegistry.java:37 | mobSetConfig optional ...
2025-07-01 21:32:28,393 [Server thread] INFO treasure2 | MobSetRegistry.java:39 | mobSetConfig is present
2025-07-01 21:32:28,874 [Server thread] WARN treasure2 | TreasureTemplateRegistry.java:791 | biome -> 'minecraft:desert' is not registgered
2025-07-01 21:32:28,874 [Server thread] WARN treasure2 | TreasureTemplateRegistry.java:791 | biome -> 'minecraft:desert' is not registgered
2025-07-01 21:32:28,874 [Server thread] WARN treasure2 | TreasureTemplateRegistry.java:791 | biome -> 'minecraft:desert' is not registgered
2025-07-01 21:32:28,874 [Server thread] WARN treasure2 | TreasureTemplateRegistry.java:791 | biome -> 'minecraft:desert' is not registgered
2025-07-01 21:32:28,874 [Server thread] WARN treasure2 | TreasureTemplateRegistry.java:791 | biome -> 'minecraft:desert' is not registgered
2025-07-01 21:32:28,874 [Server thread] WARN treasure2 | TreasureTemplateRegistry.java:791 | biome -> 'minecraft:desert' is not registgered
2025-07-01 21:32:28,874 [Server thread] WARN treasure2 | TreasureTemplateRegistry.java:791 | biome -> 'minecraft:desert' is not registgered
2025-07-01 21:32:28,876 [Server thread] WARN treasure2 | TreasureTemplateRegistry.java:791 | biome -> 'minecraft:desert' is not registgered
2025-07-01 21:32:30,831 [Server thread] INFO treasure2 | WorldEventHandler.java:54 | In world load event
2025-07-01 21:32:30,831 [Server thread] INFO treasure2 | WorldEventHandler.java:64 | In world load event for dimension minecraft:the_end
2025-07-01 21:32:30,838 [Server thread] INFO treasure2 | WorldEventHandler.java:54 | In world load event
2025-07-01 21:32:30,838 [Server thread] INFO treasure2 | WorldEventHandler.java:64 | In world load event for dimension minecraft:the_nether
2025-07-01 21:34:39,487 [Worker-Main-2] INFO treasure2 | WellGenerator.java:198 | CHEATER! Wishing Well at coords: 218 108 159
2025-07-01 21:35:18,502 [Server thread] INFO treasure2 | Config.java:760 | transforming mob set config...
2025-07-01 21:35:18,503 [Server thread] INFO treasure2 | Config.java:769 | adding mobset to map -> MobSet{name='treasure2:wishing_well_group', category='wishing_wells', biomeWhitelist=[], biomeBlacklist=[], count=IntegerRange [min=1, max=3], mobs=[WeightedMob{name='minecraft:zombie', weight=35}, WeightedMob{name='minecraft:zombie_villager', weight=10}, WeightedMob{name='minecraft:skeleton', weight=35}, WeightedMob{name='minecraft:vex', weight=20}, WeightedMob{name='minecraft:creeper', weight=15}, WeightedMob{name='minecraft:slime', weight=5}]}
2025-07-01 21:35:18,503 [Server thread] INFO treasure2 | Config.java:769 | adding mobset to map -> MobSet{name='treasure2:wither_tree_group', category='wither_trees', biomeWhitelist=[], biomeBlacklist=[], count=IntegerRange [min=1, max=3], mobs=[WeightedMob{name='minecraft:wither_skeleton', weight=90}, WeightedMob{name='minecraft:skeleton', weight=10}]}
2025-07-01 21:35:18,503 [Server thread] INFO treasure2 | Config.java:769 | adding mobset to map -> MobSet{name='treasure2:small_zombie_group', category='zombies', biomeWhitelist=[], biomeBlacklist=[], count=IntegerRange [min=1, max=3], mobs=[WeightedMob{name='minecraft:zombie', weight=90}, WeightedMob{name='minecraft:zombie_villager', weight=10}]}
2025-07-01 21:35:18,503 [Server thread] INFO treasure2 | Config.java:769 | adding mobset to map -> MobSet{name='treasure2:medium_zombie_group', category='zombies', biomeWhitelist=[], biomeBlacklist=[], count=IntegerRange [min=2, max=5], mobs=[WeightedMob{name='minecraft:zombie', weight=90}, WeightedMob{name='minecraft:zombie_villager', weight=10}]}
2025-07-01 21:37:05,985 [modloading-worker-0] WARN treasure2 | TreasureLootTableRegistry.java:173 | unable to locate file in jar -> data/treasure2/loot_tables/injects
2025-07-01 21:37:14,056 [main] INFO treasure2 | TreasureTags.java:135 | in tags updated event
2025-07-01 21:37:14,057 [main] INFO treasure2 | TreasureTags.java:152 | registering key -> treasure2:stone_key by rarity -> COMMON
2025-07-01 21:37:14,057 [main] INFO treasure2 | TreasureTags.java:152 | registering key -> treasure2:leaf_key by rarity -> UNCOMMON
2025-07-01 21:37:14,057 [main] INFO treasure2 | TreasureTags.java:152 | registering key -> treasure2:gold_key by rarity -> SCARCE
2025-07-01 21:37:14,057 [main] INFO treasure2 | TreasureTags.java:152 | registering key -> treasure2:diamond_key by rarity -> RARE
2025-07-01 21:37:14,057 [main] INFO treasure2 | TreasureTags.java:152 | registering key -> treasure2:thiefs_lock_pick by rarity -> UNCOMMON
2025-07-01 21:37:14,057 [main] INFO treasure2 | TreasureTags.java:152 | registering key -> treasure2:ember_key by rarity -> SCARCE
2025-07-01 21:37:14,057 [main] INFO treasure2 | TreasureTags.java:152 | registering key -> treasure2:wood_key by rarity -> COMMON
2025-07-01 21:37:14,058 [main] INFO treasure2 | TreasureTags.java:152 | registering key -> treasure2:metallurgists_key by rarity -> RARE
2025-07-01 21:37:14,058 [main] INFO treasure2 | TreasureTags.java:152 | registering key -> treasure2:skeleton_key by rarity -> RARE
2025-07-01 21:37:14,058 [main] INFO treasure2 | TreasureTags.java:152 | registering key -> treasure2:jewelled_key by rarity -> EPIC
2025-07-01 21:37:14,058 [main] INFO treasure2 | TreasureTags.java:152 | registering key -> treasure2:ruby_key by rarity -> EPIC
2025-07-01 21:37:14,058 [main] INFO treasure2 | TreasureTags.java:152 | registering key -> treasure2:onyx_key by rarity -> SCARCE
2025-07-01 21:37:14,058 [main] INFO treasure2 | TreasureTags.java:152 | registering key -> treasure2:emerald_key by rarity -> RARE
2025-07-01 21:37:14,058 [main] INFO treasure2 | TreasureTags.java:152 | registering key -> treasure2:lightning_key by rarity -> SCARCE
2025-07-01 21:37:14,058 [main] INFO treasure2 | TreasureTags.java:152 | registering key -> treasure2:topaz_key by rarity -> SCARCE
2025-07-01 21:37:14,058 [main] INFO treasure2 | TreasureTags.java:152 | registering key -> treasure2:sapphire_key by rarity -> EPIC
2025-07-01 21:37:14,059 [main] INFO treasure2 | TreasureTags.java:152 | registering key -> treasure2:pilferers_lock_pick by rarity -> COMMON
2025-07-01 21:37:14,059 [main] INFO treasure2 | TreasureTags.java:152 | registering key -> treasure2:iron_key by rarity -> UNCOMMON
2025-07-01 21:37:14,059 [main] INFO treasure2 | TreasureTags.java:152 | registering key -> treasure2:wither_key by rarity -> RARE
2025-07-01 21:37:14,059 [main] INFO treasure2 | TreasureTags.java:152 | registering key -> treasure2:spider_key by rarity -> SCARCE
2025-07-01 21:37:14,059 [main] INFO treasure2 | TreasureTags.java:152 | registering key -> treasure2:one_key by rarity -> MYTHICAL
2025-07-01 21:37:14,059 [main] INFO treasure2 | TreasureTags.java:167 | registering lock -> treasure2:onyx_lock by rarity -> SCARCE
2025-07-01 21:37:14,060 [main] INFO treasure2 | TreasureTags.java:167 | registering lock -> treasure2:spider_lock by rarity -> SCARCE
2025-07-01 21:37:14,060 [main] INFO treasure2 | TreasureTags.java:167 | registering lock -> treasure2:emerald_lock by rarity -> RARE
2025-07-01 21:37:14,060 [main] INFO treasure2 | TreasureTags.java:167 | registering lock -> treasure2:ruby_lock by rarity -> EPIC
2025-07-01 21:37:14,060 [main] INFO treasure2 | TreasureTags.java:167 | registering lock -> treasure2:stone_lock by rarity -> COMMON
2025-07-01 21:37:14,060 [main] INFO treasure2 | TreasureTags.java:167 | registering lock -> treasure2:leaf_lock by rarity -> UNCOMMON
2025-07-01 21:37:14,060 [main] INFO treasure2 | TreasureTags.java:167 | registering lock -> treasure2:sapphire_lock by rarity -> EPIC
2025-07-01 21:37:14,060 [main] INFO treasure2 | TreasureTags.java:167 | registering lock -> treasure2:diamond_lock by rarity -> RARE
2025-07-01 21:37:14,060 [main] INFO treasure2 | TreasureTags.java:167 | registering lock -> treasure2:ember_lock by rarity -> SCARCE
2025-07-01 21:37:14,060 [main] INFO treasure2 | TreasureTags.java:167 | registering lock -> treasure2:gold_lock by rarity -> SCARCE
2025-07-01 21:37:14,061 [main] INFO treasure2 | TreasureTags.java:167 | registering lock -> treasure2:wood_lock by rarity -> COMMON
2025-07-01 21:37:14,061 [main] INFO treasure2 | TreasureTags.java:167 | registering lock -> treasure2:iron_lock by rarity -> UNCOMMON
2025-07-01 21:37:14,061 [main] INFO treasure2 | TreasureTags.java:167 | registering lock -> treasure2:topaz_lock by rarity -> SCARCE
2025-07-01 21:37:14,061 [main] INFO treasure2 | TreasureTags.java:184 | registering chest -> treasure2:barrel_chest by rarity -> UNCOMMON
2025-07-01 21:37:14,061 [main] INFO treasure2 | TreasureTags.java:184 | registering chest -> treasure2:viking_chest by rarity -> UNCOMMON
2025-07-01 21:37:14,061 [main] INFO treasure2 | TreasureTags.java:184 | registering chest -> treasure2:pirate_chest by rarity -> SCARCE
2025-07-01 21:37:14,061 [main] INFO treasure2 | TreasureTags.java:184 | registering chest -> treasure2:safe by rarity -> RARE
2025-07-01 21:37:14,061 [main] INFO treasure2 | TreasureTags.java:184 | registering chest -> treasure2:cauldron_chest by rarity -> CAULDRON
2025-07-01 21:37:14,062 [main] INFO treasure2 | TreasureTags.java:184 | registering chest -> treasure2:crate_chest by rarity -> UNCOMMON
2025-07-01 21:37:14,062 [main] INFO treasure2 | TreasureTags.java:184 | registering chest -> treasure2:crate_chest_moldy by rarity -> COMMON
2025-07-01 21:37:14,062 [main] INFO treasure2 | TreasureTags.java:184 | registering chest -> treasure2:dread_pirate_chest by rarity -> EPIC
2025-07-01 21:37:14,062 [main] INFO treasure2 | TreasureTags.java:184 | registering chest -> treasure2:spider_chest by rarity -> RARE
2025-07-01 21:37:14,062 [main] INFO treasure2 | TreasureTags.java:184 | registering chest -> treasure2:ironbound_chest by rarity -> UNCOMMON
2025-07-01 21:37:14,062 [main] INFO treasure2 | TreasureTags.java:184 | registering chest -> treasure2:skull_chest by rarity -> SKULL
2025-07-01 21:37:14,062 [main] INFO treasure2 | TreasureTags.java:184 | registering chest -> treasure2:milk_crate by rarity -> COMMON
2025-07-01 21:37:14,062 [main] INFO treasure2 | TreasureTags.java:184 | registering chest -> treasure2:vanilla_chest by rarity -> COMMON
2025-07-01 21:37:14,062 [main] INFO treasure2 | TreasureTags.java:184 | registering chest -> treasure2:gold_skull_chest by rarity -> GOLD_SKULL
2025-07-01 21:37:14,062 [main] INFO treasure2 | TreasureTags.java:184 | registering chest -> treasure2:gold_strongbox by rarity -> RARE
2025-07-01 21:37:14,062 [main] INFO treasure2 | TreasureTags.java:184 | registering chest -> treasure2:iron_strongbox by rarity -> SCARCE
2025-07-01 21:37:14,062 [main] INFO treasure2 | TreasureTags.java:184 | registering chest -> treasure2:crystal_skull_chest by rarity -> CRYSTAL_SKULL
2025-07-01 21:37:14,063 [main] INFO treasure2 | TreasureTags.java:184 | registering chest -> treasure2:wood_chest by rarity -> COMMON
2025-07-01 21:37:14,063 [main] INFO treasure2 | TreasureTags.java:184 | registering chest -> treasure2:wither_chest by rarity -> WITHER
2025-07-01 21:37:14,063 [main] INFO treasure2 | TreasureTags.java:184 | registering chest -> treasure2:compressor_chest by rarity -> EPIC
2025-07-01 21:37:14,063 [main] INFO treasure2 | TreasureTags.java:184 | registering chest -> treasure2:cardboard_box by rarity -> COMMON
2025-07-01 21:37:14,063 [main] INFO treasure2 | TreasureTags.java:201 | registering wishable -> treasure2:onyx by rarity -> RARE
2025-07-01 21:37:14,063 [main] INFO treasure2 | TreasureTags.java:201 | registering wishable -> treasure2:ruby by rarity -> RARE
2025-07-01 21:37:14,063 [main] INFO treasure2 | TreasureTags.java:201 | registering wishable -> treasure2:white_pearl by rarity -> RARE
2025-07-01 21:37:14,063 [main] INFO treasure2 | TreasureTags.java:201 | registering wishable -> treasure2:sapphire by rarity -> EPIC
2025-07-01 21:37:14,064 [main] INFO treasure2 | TreasureTags.java:201 | registering wishable -> treasure2:black_pearl by rarity -> EPIC
2025-07-01 21:37:14,064 [main] INFO treasure2 | TreasureTags.java:201 | registering wishable -> treasure2:gold_coin by rarity -> SCARCE
2025-07-01 21:37:14,064 [main] INFO treasure2 | TreasureTags.java:201 | registering wishable -> treasure2:topaz by rarity -> SCARCE
2025-07-01 21:37:14,064 [main] INFO treasure2 | TreasureTags.java:201 | registering wishable -> minecraft:diamond by rarity -> SCARCE
2025-07-01 21:37:14,064 [main] INFO treasure2 | TreasureTags.java:201 | registering wishable -> minecraft:emerald by rarity -> SCARCE
2025-07-01 21:37:14,064 [main] INFO treasure2 | TreasureTags.java:201 | registering wishable -> treasure2:silver_coin by rarity -> UNCOMMON
2025-07-01 21:37:14,064 [main] INFO treasure2 | TreasureTags.java:201 | registering wishable -> treasure2:copper_coin by rarity -> COMMON
2025-07-01 21:37:14,503 [Server thread] INFO treasure2 | Config.java:760 | transforming mob set config...
2025-07-01 21:37:14,509 [Server thread] INFO treasure2 | Config.java:769 | adding mobset to map -> MobSet{name='treasure2:wishing_well_group', category='wishing_wells', biomeWhitelist=[], biomeBlacklist=[], count=IntegerRange [min=1, max=3], mobs=[WeightedMob{name='minecraft:zombie', weight=35}, WeightedMob{name='minecraft:zombie_villager', weight=10}, WeightedMob{name='minecraft:skeleton', weight=35}, WeightedMob{name='minecraft:vex', weight=20}, WeightedMob{name='minecraft:creeper', weight=15}, WeightedMob{name='minecraft:slime', weight=5}]}
2025-07-01 21:37:14,509 [Server thread] INFO treasure2 | Config.java:769 | adding mobset to map -> MobSet{name='treasure2:wither_tree_group', category='wither_trees', biomeWhitelist=[], biomeBlacklist=[], count=IntegerRange [min=1, max=3], mobs=[WeightedMob{name='minecraft:wither_skeleton', weight=90}, WeightedMob{name='minecraft:skeleton', weight=10}]}
2025-07-01 21:37:14,509 [Server thread] INFO treasure2 | Config.java:769 | adding mobset to map -> MobSet{name='treasure2:small_zombie_group', category='zombies', biomeWhitelist=[], biomeBlacklist=[], count=IntegerRange [min=1, max=3], mobs=[WeightedMob{name='minecraft:zombie', weight=90}, WeightedMob{name='minecraft:zombie_villager', weight=10}]}
2025-07-01 21:37:14,509 [Server thread] INFO treasure2 | Config.java:769 | adding mobset to map -> MobSet{name='treasure2:medium_zombie_group', category='zombies', biomeWhitelist=[], biomeBlacklist=[], count=IntegerRange [min=2, max=5], mobs=[WeightedMob{name='minecraft:zombie', weight=90}, WeightedMob{name='minecraft:zombie_villager', weight=10}]}
2025-07-01 21:37:14,510 [Thread-2] INFO treasure2 | Config.java:760 | transforming mob set config...
2025-07-01 21:37:14,513 [Thread-2] INFO treasure2 | Config.java:769 | adding mobset to map -> MobSet{name='treasure2:wishing_well_group', category='wishing_wells', biomeWhitelist=[], biomeBlacklist=[], count=IntegerRange [min=1, max=3], mobs=[WeightedMob{name='minecraft:zombie', weight=35}, WeightedMob{name='minecraft:zombie_villager', weight=10}, WeightedMob{name='minecraft:skeleton', weight=35}, WeightedMob{name='minecraft:vex', weight=20}, WeightedMob{name='minecraft:creeper', weight=15}, WeightedMob{name='minecraft:slime', weight=5}]}
2025-07-01 21:37:14,513 [Thread-2] INFO treasure2 | Config.java:769 | adding mobset to map -> MobSet{name='treasure2:wither_tree_group', category='wither_trees', biomeWhitelist=[], biomeBlacklist=[], count=IntegerRange [min=1, max=3], mobs=[WeightedMob{name='minecraft:wither_skeleton', weight=90}, WeightedMob{name='minecraft:skeleton', weight=10}]}
2025-07-01 21:37:14,513 [Thread-2] INFO treasure2 | Config.java:769 | adding mobset to map -> MobSet{name='treasure2:small_zombie_group', category='zombies', biomeWhitelist=[], biomeBlacklist=[], count=IntegerRange [min=1, max=3], mobs=[WeightedMob{name='minecraft:zombie', weight=90}, WeightedMob{name='minecraft:zombie_villager', weight=10}]}
2025-07-01 21:37:14,513 [Thread-2] INFO treasure2 | Config.java:769 | adding mobset to map -> MobSet{name='treasure2:medium_zombie_group', category='zombies', biomeWhitelist=[], biomeBlacklist=[], count=IntegerRange [min=2, max=5], mobs=[WeightedMob{name='minecraft:zombie', weight=90}, WeightedMob{name='minecraft:zombie_villager', weight=10}]}
2025-07-01 21:37:14,514 [Thread-2] INFO treasure2 | Config.java:760 | transforming mob set config...
2025-07-01 21:37:14,516 [Thread-2] INFO treasure2 | Config.java:769 | adding mobset to map -> MobSet{name='treasure2:wishing_well_group', category='wishing_wells', biomeWhitelist=[], biomeBlacklist=[], count=IntegerRange [min=1, max=3], mobs=[WeightedMob{name='minecraft:zombie', weight=35}, WeightedMob{name='minecraft:zombie_villager', weight=10}, WeightedMob{name='minecraft:skeleton', weight=35}, WeightedMob{name='minecraft:vex', weight=20}, WeightedMob{name='minecraft:creeper', weight=15}, WeightedMob{name='minecraft:slime', weight=5}]}
2025-07-01 21:37:14,516 [Thread-2] INFO treasure2 | Config.java:769 | adding mobset to map -> MobSet{name='treasure2:wither_tree_group', category='wither_trees', biomeWhitelist=[], biomeBlacklist=[], count=IntegerRange [min=1, max=3], mobs=[WeightedMob{name='minecraft:wither_skeleton', weight=90}, WeightedMob{name='minecraft:skeleton', weight=10}]}
2025-07-01 21:37:14,517 [Thread-2] INFO treasure2 | Config.java:769 | adding mobset to map -> MobSet{name='treasure2:small_zombie_group', category='zombies', biomeWhitelist=[], biomeBlacklist=[], count=IntegerRange [min=1, max=3], mobs=[WeightedMob{name='minecraft:zombie', weight=90}, WeightedMob{name='minecraft:zombie_villager', weight=10}]}
2025-07-01 21:37:14,517 [Thread-2] INFO treasure2 | Config.java:769 | adding mobset to map -> MobSet{name='treasure2:medium_zombie_group', category='zombies', biomeWhitelist=[], biomeBlacklist=[], count=IntegerRange [min=2, max=5], mobs=[WeightedMob{name='minecraft:zombie', weight=90}, WeightedMob{name='minecraft:zombie_villager', weight=10}]}
2025-07-01 21:37:15,070 [Server thread] INFO treasure2 | WorldEventHandler.java:54 | In world load event
2025-07-01 21:37:15,072 [Server thread] INFO treasure2 | WorldEventHandler.java:64 | In world load event for dimension minecraft:overworld
2025-07-01 21:37:15,091 [Server thread] INFO treasure2 | MobSetRegistry.java:37 | mobSetConfig optional ...
2025-07-01 21:37:15,091 [Server thread] INFO treasure2 | MobSetRegistry.java:39 | mobSetConfig is present
2025-07-01 21:37:15,589 [Server thread] WARN treasure2 | TreasureTemplateRegistry.java:791 | biome -> 'minecraft:desert' is not registgered
2025-07-01 21:37:15,592 [Server thread] WARN treasure2 | TreasureTemplateRegistry.java:791 | biome -> 'minecraft:desert' is not registgered
2025-07-01 21:37:15,593 [Server thread] WARN treasure2 | TreasureTemplateRegistry.java:791 | biome -> 'minecraft:desert' is not registgered
2025-07-01 21:37:15,593 [Server thread] WARN treasure2 | TreasureTemplateRegistry.java:791 | biome -> 'minecraft:desert' is not registgered
2025-07-01 21:37:15,593 [Server thread] WARN treasure2 | TreasureTemplateRegistry.java:791 | biome -> 'minecraft:desert' is not registgered
2025-07-01 21:37:15,593 [Server thread] WARN treasure2 | TreasureTemplateRegistry.java:791 | biome -> 'minecraft:desert' is not registgered
2025-07-01 21:37:15,593 [Server thread] WARN treasure2 | TreasureTemplateRegistry.java:791 | biome -> 'minecraft:desert' is not registgered
2025-07-01 21:37:15,593 [Server thread] WARN treasure2 | TreasureTemplateRegistry.java:791 | biome -> 'minecraft:desert' is not registgered
2025-07-01 21:37:17,787 [Server thread] INFO treasure2 | WorldEventHandler.java:54 | In world load event
2025-07-01 21:37:17,788 [Server thread] INFO treasure2 | WorldEventHandler.java:64 | In world load event for dimension minecraft:the_end
2025-07-01 21:37:17,795 [Server thread] INFO treasure2 | WorldEventHandler.java:54 | In world load event
2025-07-01 21:37:17,795 [Server thread] INFO treasure2 | WorldEventHandler.java:64 | In world load event for dimension minecraft:the_nether
2025-07-01 21:37:52,939 [Server thread] INFO treasure2 | Config.java:760 | transforming mob set config...
2025-07-01 21:37:52,941 [Server thread] INFO treasure2 | Config.java:769 | adding mobset to map -> MobSet{name='treasure2:wishing_well_group', category='wishing_wells', biomeWhitelist=[], biomeBlacklist=[], count=IntegerRange [min=1, max=3], mobs=[WeightedMob{name='minecraft:zombie', weight=35}, WeightedMob{name='minecraft:zombie_villager', weight=10}, WeightedMob{name='minecraft:skeleton', weight=35}, WeightedMob{name='minecraft:vex', weight=20}, WeightedMob{name='minecraft:creeper', weight=15}, WeightedMob{name='minecraft:slime', weight=5}]}
2025-07-01 21:37:52,942 [Server thread] INFO treasure2 | Config.java:769 | adding mobset to map -> MobSet{name='treasure2:wither_tree_group', category='wither_trees', biomeWhitelist=[], biomeBlacklist=[], count=IntegerRange [min=1, max=3], mobs=[WeightedMob{name='minecraft:wither_skeleton', weight=90}, WeightedMob{name='minecraft:skeleton', weight=10}]}
2025-07-01 21:37:52,942 [Server thread] INFO treasure2 | Config.java:769 | adding mobset to map -> MobSet{name='treasure2:small_zombie_group', category='zombies', biomeWhitelist=[], biomeBlacklist=[], count=IntegerRange [min=1, max=3], mobs=[WeightedMob{name='minecraft:zombie', weight=90}, WeightedMob{name='minecraft:zombie_villager', weight=10}]}
2025-07-01 21:37:52,942 [Server thread] INFO treasure2 | Config.java:769 | adding mobset to map -> MobSet{name='treasure2:medium_zombie_group', category='zombies', biomeWhitelist=[], biomeBlacklist=[], count=IntegerRange [min=2, max=5], mobs=[WeightedMob{name='minecraft:zombie', weight=90}, WeightedMob{name='minecraft:zombie_villager', weight=10}]}
2025-07-01 22:42:37,044 [modloading-worker-0] WARN treasure2 | TreasureLootTableRegistry.java:173 | unable to locate file in jar -> data/treasure2/loot_tables/injects
2025-07-01 22:42:44,421 [main] INFO treasure2 | TreasureTags.java:135 | in tags updated event
2025-07-01 22:42:44,422 [main] INFO treasure2 | TreasureTags.java:152 | registering key -> treasure2:stone_key by rarity -> COMMON
2025-07-01 22:42:44,422 [main] INFO treasure2 | TreasureTags.java:152 | registering key -> treasure2:leaf_key by rarity -> UNCOMMON
2025-07-01 22:42:44,422 [main] INFO treasure2 | TreasureTags.java:152 | registering key -> treasure2:gold_key by rarity -> SCARCE
2025-07-01 22:42:44,422 [main] INFO treasure2 | TreasureTags.java:152 | registering key -> treasure2:diamond_key by rarity -> RARE
2025-07-01 22:42:44,423 [main] INFO treasure2 | TreasureTags.java:152 | registering key -> treasure2:thiefs_lock_pick by rarity -> UNCOMMON
2025-07-01 22:42:44,423 [main] INFO treasure2 | TreasureTags.java:152 | registering key -> treasure2:ember_key by rarity -> SCARCE
2025-07-01 22:42:44,423 [main] INFO treasure2 | TreasureTags.java:152 | registering key -> treasure2:wood_key by rarity -> COMMON
2025-07-01 22:42:44,423 [main] INFO treasure2 | TreasureTags.java:152 | registering key -> treasure2:metallurgists_key by rarity -> RARE
2025-07-01 22:42:44,423 [main] INFO treasure2 | TreasureTags.java:152 | registering key -> treasure2:skeleton_key by rarity -> RARE
2025-07-01 22:42:44,423 [main] INFO treasure2 | TreasureTags.java:152 | registering key -> treasure2:jewelled_key by rarity -> EPIC
2025-07-01 22:42:44,423 [main] INFO treasure2 | TreasureTags.java:152 | registering key -> treasure2:ruby_key by rarity -> EPIC
2025-07-01 22:42:44,423 [main] INFO treasure2 | TreasureTags.java:152 | registering key -> treasure2:onyx_key by rarity -> SCARCE
2025-07-01 22:42:44,423 [main] INFO treasure2 | TreasureTags.java:152 | registering key -> treasure2:emerald_key by rarity -> RARE
2025-07-01 22:42:44,423 [main] INFO treasure2 | TreasureTags.java:152 | registering key -> treasure2:lightning_key by rarity -> SCARCE
2025-07-01 22:42:44,423 [main] INFO treasure2 | TreasureTags.java:152 | registering key -> treasure2:topaz_key by rarity -> SCARCE
2025-07-01 22:42:44,423 [main] INFO treasure2 | TreasureTags.java:152 | registering key -> treasure2:sapphire_key by rarity -> EPIC
2025-07-01 22:42:44,423 [main] INFO treasure2 | TreasureTags.java:152 | registering key -> treasure2:pilferers_lock_pick by rarity -> COMMON
2025-07-01 22:42:44,424 [main] INFO treasure2 | TreasureTags.java:152 | registering key -> treasure2:iron_key by rarity -> UNCOMMON
2025-07-01 22:42:44,424 [main] INFO treasure2 | TreasureTags.java:152 | registering key -> treasure2:wither_key by rarity -> RARE
2025-07-01 22:42:44,424 [main] INFO treasure2 | TreasureTags.java:152 | registering key -> treasure2:spider_key by rarity -> SCARCE
2025-07-01 22:42:44,424 [main] INFO treasure2 | TreasureTags.java:152 | registering key -> treasure2:one_key by rarity -> MYTHICAL
2025-07-01 22:42:44,424 [main] INFO treasure2 | TreasureTags.java:167 | registering lock -> treasure2:onyx_lock by rarity -> SCARCE
2025-07-01 22:42:44,424 [main] INFO treasure2 | TreasureTags.java:167 | registering lock -> treasure2:spider_lock by rarity -> SCARCE
2025-07-01 22:42:44,424 [main] INFO treasure2 | TreasureTags.java:167 | registering lock -> treasure2:emerald_lock by rarity -> RARE
2025-07-01 22:42:44,424 [main] INFO treasure2 | TreasureTags.java:167 | registering lock -> treasure2:ruby_lock by rarity -> EPIC
2025-07-01 22:42:44,424 [main] INFO treasure2 | TreasureTags.java:167 | registering lock -> treasure2:stone_lock by rarity -> COMMON
2025-07-01 22:42:44,424 [main] INFO treasure2 | TreasureTags.java:167 | registering lock -> treasure2:leaf_lock by rarity -> UNCOMMON
2025-07-01 22:42:44,424 [main] INFO treasure2 | TreasureTags.java:167 | registering lock -> treasure2:sapphire_lock by rarity -> EPIC
2025-07-01 22:42:44,425 [main] INFO treasure2 | TreasureTags.java:167 | registering lock -> treasure2:diamond_lock by rarity -> RARE
2025-07-01 22:42:44,425 [main] INFO treasure2 | TreasureTags.java:167 | registering lock -> treasure2:ember_lock by rarity -> SCARCE
2025-07-01 22:42:44,425 [main] INFO treasure2 | TreasureTags.java:167 | registering lock -> treasure2:gold_lock by rarity -> SCARCE
2025-07-01 22:42:44,425 [main] INFO treasure2 | TreasureTags.java:167 | registering lock -> treasure2:wood_lock by rarity -> COMMON
2025-07-01 22:42:44,425 [main] INFO treasure2 | TreasureTags.java:167 | registering lock -> treasure2:iron_lock by rarity -> UNCOMMON
2025-07-01 22:42:44,425 [main] INFO treasure2 | TreasureTags.java:167 | registering lock -> treasure2:topaz_lock by rarity -> SCARCE
2025-07-01 22:42:44,425 [main] INFO treasure2 | TreasureTags.java:184 | registering chest -> treasure2:barrel_chest by rarity -> UNCOMMON
2025-07-01 22:42:44,425 [main] INFO treasure2 | TreasureTags.java:184 | registering chest -> treasure2:viking_chest by rarity -> UNCOMMON
2025-07-01 22:42:44,426 [main] INFO treasure2 | TreasureTags.java:184 | registering chest -> treasure2:pirate_chest by rarity -> SCARCE
2025-07-01 22:42:44,426 [main] INFO treasure2 | TreasureTags.java:184 | registering chest -> treasure2:safe by rarity -> RARE
2025-07-01 22:42:44,426 [main] INFO treasure2 | TreasureTags.java:184 | registering chest -> treasure2:cauldron_chest by rarity -> CAULDRON
2025-07-01 22:42:44,426 [main] INFO treasure2 | TreasureTags.java:184 | registering chest -> treasure2:crate_chest by rarity -> UNCOMMON
2025-07-01 22:42:44,426 [main] INFO treasure2 | TreasureTags.java:184 | registering chest -> treasure2:crate_chest_moldy by rarity -> COMMON
2025-07-01 22:42:44,426 [main] INFO treasure2 | TreasureTags.java:184 | registering chest -> treasure2:dread_pirate_chest by rarity -> EPIC
2025-07-01 22:42:44,426 [main] INFO treasure2 | TreasureTags.java:184 | registering chest -> treasure2:spider_chest by rarity -> RARE
2025-07-01 22:42:44,426 [main] INFO treasure2 | TreasureTags.java:184 | registering chest -> treasure2:ironbound_chest by rarity -> UNCOMMON
2025-07-01 22:42:44,426 [main] INFO treasure2 | TreasureTags.java:184 | registering chest -> treasure2:skull_chest by rarity -> SKULL
2025-07-01 22:42:44,426 [main] INFO treasure2 | TreasureTags.java:184 | registering chest -> treasure2:milk_crate by rarity -> COMMON
2025-07-01 22:42:44,427 [main] INFO treasure2 | TreasureTags.java:184 | registering chest -> treasure2:vanilla_chest by rarity -> COMMON
2025-07-01 22:42:44,427 [main] INFO treasure2 | TreasureTags.java:184 | registering chest -> treasure2:gold_skull_chest by rarity -> GOLD_SKULL
2025-07-01 22:42:44,427 [main] INFO treasure2 | TreasureTags.java:184 | registering chest -> treasure2:gold_strongbox by rarity -> RARE
2025-07-01 22:42:44,427 [main] INFO treasure2 | TreasureTags.java:184 | registering chest -> treasure2:iron_strongbox by rarity -> SCARCE
2025-07-01 22:42:44,427 [main] INFO treasure2 | TreasureTags.java:184 | registering chest -> treasure2:crystal_skull_chest by rarity -> CRYSTAL_SKULL
2025-07-01 22:42:44,427 [main] INFO treasure2 | TreasureTags.java:184 | registering chest -> treasure2:wood_chest by rarity -> COMMON
2025-07-01 22:42:44,427 [main] INFO treasure2 | TreasureTags.java:184 | registering chest -> treasure2:wither_chest by rarity -> WITHER
2025-07-01 22:42:44,427 [main] INFO treasure2 | TreasureTags.java:184 | registering chest -> treasure2:compressor_chest by rarity -> EPIC
2025-07-01 22:42:44,427 [main] INFO treasure2 | TreasureTags.java:184 | registering chest -> treasure2:cardboard_box by rarity -> COMMON
2025-07-01 22:42:44,428 [main] INFO treasure2 | TreasureTags.java:201 | registering wishable -> treasure2:onyx by rarity -> RARE
2025-07-01 22:42:44,428 [main] INFO treasure2 | TreasureTags.java:201 | registering wishable -> treasure2:ruby by rarity -> RARE
2025-07-01 22:42:44,428 [main] INFO treasure2 | TreasureTags.java:201 | registering wishable -> treasure2:white_pearl by rarity -> RARE
2025-07-01 22:42:44,428 [main] INFO treasure2 | TreasureTags.java:201 | registering wishable -> treasure2:sapphire by rarity -> EPIC
2025-07-01 22:42:44,428 [main] INFO treasure2 | TreasureTags.java:201 | registering wishable -> treasure2:black_pearl by rarity -> EPIC
2025-07-01 22:42:44,428 [main] INFO treasure2 | TreasureTags.java:201 | registering wishable -> treasure2:gold_coin by rarity -> SCARCE
2025-07-01 22:42:44,428 [main] INFO treasure2 | TreasureTags.java:201 | registering wishable -> treasure2:topaz by rarity -> SCARCE
2025-07-01 22:42:44,428 [main] INFO treasure2 | TreasureTags.java:201 | registering wishable -> minecraft:diamond by rarity -> SCARCE
2025-07-01 22:42:44,428 [main] INFO treasure2 | TreasureTags.java:201 | registering wishable -> minecraft:emerald by rarity -> SCARCE
2025-07-01 22:42:44,428 [main] INFO treasure2 | TreasureTags.java:201 | registering wishable -> treasure2:silver_coin by rarity -> UNCOMMON
2025-07-01 22:42:44,428 [main] INFO treasure2 | TreasureTags.java:201 | registering wishable -> treasure2:copper_coin by rarity -> COMMON
2025-07-01 22:42:44,771 [Server thread] INFO treasure2 | Config.java:760 | transforming mob set config...
2025-07-01 22:42:44,777 [Server thread] INFO treasure2 | Config.java:769 | adding mobset to map -> MobSet{name='treasure2:wishing_well_group', category='wishing_wells', biomeWhitelist=[], biomeBlacklist=[], count=IntegerRange [min=1, max=3], mobs=[WeightedMob{name='minecraft:zombie', weight=35}, WeightedMob{name='minecraft:zombie_villager', weight=10}, WeightedMob{name='minecraft:skeleton', weight=35}, WeightedMob{name='minecraft:vex', weight=20}, WeightedMob{name='minecraft:creeper', weight=15}, WeightedMob{name='minecraft:slime', weight=5}]}
2025-07-01 22:42:44,777 [Server thread] INFO treasure2 | Config.java:769 | adding mobset to map -> MobSet{name='treasure2:wither_tree_group', category='wither_trees', biomeWhitelist=[], biomeBlacklist=[], count=IntegerRange [min=1, max=3], mobs=[WeightedMob{name='minecraft:wither_skeleton', weight=90}, WeightedMob{name='minecraft:skeleton', weight=10}]}
2025-07-01 22:42:44,777 [Server thread] INFO treasure2 | Config.java:769 | adding mobset to map -> MobSet{name='treasure2:small_zombie_group', category='zombies', biomeWhitelist=[], biomeBlacklist=[], count=IntegerRange [min=1, max=3], mobs=[WeightedMob{name='minecraft:zombie', weight=90}, WeightedMob{name='minecraft:zombie_villager', weight=10}]}
2025-07-01 22:42:44,777 [Server thread] INFO treasure2 | Config.java:769 | adding mobset to map -> MobSet{name='treasure2:medium_zombie_group', category='zombies', biomeWhitelist=[], biomeBlacklist=[], count=IntegerRange [min=2, max=5], mobs=[WeightedMob{name='minecraft:zombie', weight=90}, WeightedMob{name='minecraft:zombie_villager', weight=10}]}
2025-07-01 22:42:44,777 [Thread-2] INFO treasure2 | Config.java:760 | transforming mob set config...
2025-07-01 22:42:44,779 [Thread-2] INFO treasure2 | Config.java:769 | adding mobset to map -> MobSet{name='treasure2:wishing_well_group', category='wishing_wells', biomeWhitelist=[], biomeBlacklist=[], count=IntegerRange [min=1, max=3], mobs=[WeightedMob{name='minecraft:zombie', weight=35}, WeightedMob{name='minecraft:zombie_villager', weight=10}, WeightedMob{name='minecraft:skeleton', weight=35}, WeightedMob{name='minecraft:vex', weight=20}, WeightedMob{name='minecraft:creeper', weight=15}, WeightedMob{name='minecraft:slime', weight=5}]}
2025-07-01 22:42:44,779 [Thread-2] INFO treasure2 | Config.java:769 | adding mobset to map -> MobSet{name='treasure2:wither_tree_group', category='wither_trees', biomeWhitelist=[], biomeBlacklist=[], count=IntegerRange [min=1, max=3], mobs=[WeightedMob{name='minecraft:wither_skeleton', weight=90}, WeightedMob{name='minecraft:skeleton', weight=10}]}
2025-07-01 22:42:44,779 [Thread-2] INFO treasure2 | Config.java:769 | adding mobset to map -> MobSet{name='treasure2:small_zombie_group', category='zombies', biomeWhitelist=[], biomeBlacklist=[], count=IntegerRange [min=1, max=3], mobs=[WeightedMob{name='minecraft:zombie', weight=90}, WeightedMob{name='minecraft:zombie_villager', weight=10}]}
2025-07-01 22:42:44,779 [Thread-2] INFO treasure2 | Config.java:769 | adding mobset to map -> MobSet{name='treasure2:medium_zombie_group', category='zombies', biomeWhitelist=[], biomeBlacklist=[], count=IntegerRange [min=2, max=5], mobs=[WeightedMob{name='minecraft:zombie', weight=90}, WeightedMob{name='minecraft:zombie_villager', weight=10}]}
2025-07-01 22:42:44,781 [Thread-2] INFO treasure2 | Config.java:760 | transforming mob set config...
2025-07-01 22:42:44,782 [Thread-2] INFO treasure2 | Config.java:769 | adding mobset to map -> MobSet{name='treasure2:wishing_well_group', category='wishing_wells', biomeWhitelist=[], biomeBlacklist=[], count=IntegerRange [min=1, max=3], mobs=[WeightedMob{name='minecraft:zombie', weight=35}, WeightedMob{name='minecraft:zombie_villager', weight=10}, WeightedMob{name='minecraft:skeleton', weight=35}, WeightedMob{name='minecraft:vex', weight=20}, WeightedMob{name='minecraft:creeper', weight=15}, WeightedMob{name='minecraft:slime', weight=5}]}
2025-07-01 22:42:44,782 [Thread-2] INFO treasure2 | Config.java:769 | adding mobset to map -> MobSet{name='treasure2:wither_tree_group', category='wither_trees', biomeWhitelist=[], biomeBlacklist=[], count=IntegerRange [min=1, max=3], mobs=[WeightedMob{name='minecraft:wither_skeleton', weight=90}, WeightedMob{name='minecraft:skeleton', weight=10}]}
2025-07-01 22:42:44,782 [Thread-2] INFO treasure2 | Config.java:769 | adding mobset to map -> MobSet{name='treasure2:small_zombie_group', category='zombies', biomeWhitelist=[], biomeBlacklist=[], count=IntegerRange [min=1, max=3], mobs=[WeightedMob{name='minecraft:zombie', weight=90}, WeightedMob{name='minecraft:zombie_villager', weight=10}]}
2025-07-01 22:42:44,782 [Thread-2] INFO treasure2 | Config.java:769 | adding mobset to map -> MobSet{name='treasure2:medium_zombie_group', category='zombies', biomeWhitelist=[], biomeBlacklist=[], count=IntegerRange [min=2, max=5], mobs=[WeightedMob{name='minecraft:zombie', weight=90}, WeightedMob{name='minecraft:zombie_villager', weight=10}]}
2025-07-01 22:42:45,232 [Server thread] INFO treasure2 | WorldEventHandler.java:54 | In world load event
2025-07-01 22:42:45,234 [Server thread] INFO treasure2 | WorldEventHandler.java:64 | In world load event for dimension minecraft:overworld
2025-07-01 22:42:45,246 [Server thread] INFO treasure2 | MobSetRegistry.java:37 | mobSetConfig optional ...
2025-07-01 22:42:45,247 [Server thread] INFO treasure2 | MobSetRegistry.java:39 | mobSetConfig is present
2025-07-01 22:42:45,729 [Server thread] WARN treasure2 | TreasureTemplateRegistry.java:791 | biome -> 'minecraft:desert' is not registgered
2025-07-01 22:42:45,729 [Server thread] WARN treasure2 | TreasureTemplateRegistry.java:791 | biome -> 'minecraft:desert' is not registgered
2025-07-01 22:42:45,729 [Server thread] WARN treasure2 | TreasureTemplateRegistry.java:791 | biome -> 'minecraft:desert' is not registgered
2025-07-01 22:42:45,729 [Server thread] WARN treasure2 | TreasureTemplateRegistry.java:791 | biome -> 'minecraft:desert' is not registgered
2025-07-01 22:42:45,730 [Server thread] WARN treasure2 | TreasureTemplateRegistry.java:791 | biome -> 'minecraft:desert' is not registgered
2025-07-01 22:42:45,730 [Server thread] WARN treasure2 | TreasureTemplateRegistry.java:791 | biome -> 'minecraft:desert' is not registgered
2025-07-01 22:42:45,730 [Server thread] WARN treasure2 | TreasureTemplateRegistry.java:791 | biome -> 'minecraft:desert' is not registgered
2025-07-01 22:42:45,730 [Server thread] WARN treasure2 | TreasureTemplateRegistry.java:791 | biome -> 'minecraft:desert' is not registgered
2025-07-01 22:42:47,973 [Server thread] INFO treasure2 | WorldEventHandler.java:54 | In world load event
2025-07-01 22:42:47,974 [Server thread] INFO treasure2 | WorldEventHandler.java:64 | In world load event for dimension minecraft:the_end
2025-07-01 22:42:47,982 [Server thread] INFO treasure2 | WorldEventHandler.java:54 | In world load event
2025-07-01 22:42:47,982 [Server thread] INFO treasure2 | WorldEventHandler.java:64 | In world load event for dimension minecraft:the_nether
2025-07-01 22:50:23,166 [Server thread] INFO treasure2 | AbstractTreasureChestBlock.java:162 | AbstractTreasureChestBlock | newBlockEntity | lockStates -> [LockState [slot=LockSlot [index=0, face=NORTH, xOffset=0.5, yOffset=0.412, zOffset=0.15, rotation=0.0], lockItem=null]]
2025-07-01 22:50:23,166 [Server thread] INFO treasure2 | AbstractTreasureChestBlock.java:163 | AbstractTreasureChestBlock | newBlockEntity | tileEntity -> mod.gottsch.forge.treasure2.core.block.entity.MilkCrateBlockEntity@3224a142 @ BlockPos{x=-194, y=59, z=-10}
2025-07-01 22:50:23,287 [Server thread] INFO treasure2 | PitChestFeatureGenerator.java:130 | CHEATER! COMMON chest at coords: -194 69 -10
2025-07-01 23:02:25,498 [Server thread] INFO treasure2 | AbstractTreasureChestBlock.java:162 | AbstractTreasureChestBlock | newBlockEntity | lockStates -> [LockState [slot=LockSlot [index=0, face=NORTH, xOffset=0.5, yOffset=0.412, zOffset=0.15, rotation=0.0], lockItem=null]]
2025-07-01 23:02:25,498 [Server thread] INFO treasure2 | AbstractTreasureChestBlock.java:163 | AbstractTreasureChestBlock | newBlockEntity | tileEntity -> mod.gottsch.forge.treasure2.core.block.entity.MilkCrateBlockEntity@223ac8ba @ BlockPos{x=-201, y=91, z=205}
2025-07-01 23:02:25,532 [Server thread] INFO treasure2 | PitChestFeatureGenerator.java:130 | CHEATER! COMMON chest at coords: -201 104 205
2025-07-01 23:05:47,153 [Server thread] INFO treasure2 | AbstractTreasureChestBlock.java:162 | AbstractTreasureChestBlock | newBlockEntity | lockStates -> [LockState [slot=LockSlot [index=0, face=NORTH, xOffset=0.5, yOffset=0.5, zOffset=0.0, rotation=0.0], lockItem=null]]
2025-07-01 23:05:47,153 [Server thread] INFO treasure2 | AbstractTreasureChestBlock.java:163 | AbstractTreasureChestBlock | newBlockEntity | tileEntity -> mod.gottsch.forge.treasure2.core.block.entity.BarrelChestBlockEntity@2752b17e @ BlockPos{x=-49, y=100, z=-210}
2025-07-01 23:05:47,202 [Server thread] INFO treasure2 | PitChestFeatureGenerator.java:130 | CHEATER! UNCOMMON chest at coords: -49 110 -210
2025-07-01 23:08:07,984 [Server thread] INFO treasure2 | Config.java:760 | transforming mob set config...
2025-07-01 23:08:07,985 [Server thread] INFO treasure2 | Config.java:769 | adding mobset to map -> MobSet{name='treasure2:wishing_well_group', category='wishing_wells', biomeWhitelist=[], biomeBlacklist=[], count=IntegerRange [min=1, max=3], mobs=[WeightedMob{name='minecraft:zombie', weight=35}, WeightedMob{name='minecraft:zombie_villager', weight=10}, WeightedMob{name='minecraft:skeleton', weight=35}, WeightedMob{name='minecraft:vex', weight=20}, WeightedMob{name='minecraft:creeper', weight=15}, WeightedMob{name='minecraft:slime', weight=5}]}
2025-07-01 23:08:07,986 [Server thread] INFO treasure2 | Config.java:769 | adding mobset to map -> MobSet{name='treasure2:wither_tree_group', category='wither_trees', biomeWhitelist=[], biomeBlacklist=[], count=IntegerRange [min=1, max=3], mobs=[WeightedMob{name='minecraft:wither_skeleton', weight=90}, WeightedMob{name='minecraft:skeleton', weight=10}]}
2025-07-01 23:08:07,986 [Server thread] INFO treasure2 | Config.java:769 | adding mobset to map -> MobSet{name='treasure2:small_zombie_group', category='zombies', biomeWhitelist=[], biomeBlacklist=[], count=IntegerRange [min=1, max=3], mobs=[WeightedMob{name='minecraft:zombie', weight=90}, WeightedMob{name='minecraft:zombie_villager', weight=10}]}
2025-07-01 23:08:07,986 [Server thread] INFO treasure2 | Config.java:769 | adding mobset to map -> MobSet{name='treasure2:medium_zombie_group', category='zombies', biomeWhitelist=[], biomeBlacklist=[], count=IntegerRange [min=2, max=5], mobs=[WeightedMob{name='minecraft:zombie', weight=90}, WeightedMob{name='minecraft:zombie_villager', weight=10}]}
2025-07-18 02:59:38,547 [modloading-worker-0] WARN treasure2 | TreasureLootTableRegistry.java:173 | unable to locate file in jar -> data/treasure2/loot_tables/injects
2025-07-18 02:59:45,768 [main] INFO treasure2 | TreasureTags.java:135 | in tags updated event
2025-07-18 02:59:45,769 [main] INFO treasure2 | TreasureTags.java:152 | registering key -> treasure2:stone_key by rarity -> COMMON
2025-07-18 02:59:45,769 [main] INFO treasure2 | TreasureTags.java:152 | registering key -> treasure2:leaf_key by rarity -> UNCOMMON
2025-07-18 02:59:45,769 [main] INFO treasure2 | TreasureTags.java:152 | registering key -> treasure2:gold_key by rarity -> SCARCE
2025-07-18 02:59:45,769 [main] INFO treasure2 | TreasureTags.java:152 | registering key -> treasure2:diamond_key by rarity -> RARE
2025-07-18 02:59:45,769 [main] INFO treasure2 | TreasureTags.java:152 | registering key -> treasure2:thiefs_lock_pick by rarity -> UNCOMMON
2025-07-18 02:59:45,769 [main] INFO treasure2 | TreasureTags.java:152 | registering key -> treasure2:ember_key by rarity -> SCARCE
2025-07-18 02:59:45,769 [main] INFO treasure2 | TreasureTags.java:152 | registering key -> treasure2:wood_key by rarity -> COMMON
2025-07-18 02:59:45,770 [main] INFO treasure2 | TreasureTags.java:152 | registering key -> treasure2:metallurgists_key by rarity -> RARE
2025-07-18 02:59:45,770 [main] INFO treasure2 | TreasureTags.java:152 | registering key -> treasure2:skeleton_key by rarity -> RARE
2025-07-18 02:59:45,770 [main] INFO treasure2 | TreasureTags.java:152 | registering key -> treasure2:jewelled_key by rarity -> EPIC
2025-07-18 02:59:45,770 [main] INFO treasure2 | TreasureTags.java:152 | registering key -> treasure2:ruby_key by rarity -> EPIC
2025-07-18 02:59:45,770 [main] INFO treasure2 | TreasureTags.java:152 | registering key -> treasure2:onyx_key by rarity -> SCARCE
2025-07-18 02:59:45,770 [main] INFO treasure2 | TreasureTags.java:152 | registering key -> treasure2:emerald_key by rarity -> RARE
2025-07-18 02:59:45,770 [main] INFO treasure2 | TreasureTags.java:152 | registering key -> treasure2:lightning_key by rarity -> SCARCE
2025-07-18 02:59:45,770 [main] INFO treasure2 | TreasureTags.java:152 | registering key -> treasure2:topaz_key by rarity -> SCARCE
2025-07-18 02:59:45,770 [main] INFO treasure2 | TreasureTags.java:152 | registering key -> treasure2:sapphire_key by rarity -> EPIC
2025-07-18 02:59:45,770 [main] INFO treasure2 | TreasureTags.java:152 | registering key -> treasure2:pilferers_lock_pick by rarity -> COMMON
2025-07-18 02:59:45,771 [main] INFO treasure2 | TreasureTags.java:152 | registering key -> treasure2:iron_key by rarity -> UNCOMMON
2025-07-18 02:59:45,771 [main] INFO treasure2 | TreasureTags.java:152 | registering key -> treasure2:wither_key by rarity -> RARE
2025-07-18 02:59:45,771 [main] INFO treasure2 | TreasureTags.java:152 | registering key -> treasure2:spider_key by rarity -> SCARCE
2025-07-18 02:59:45,771 [main] INFO treasure2 | TreasureTags.java:152 | registering key -> treasure2:one_key by rarity -> MYTHICAL
2025-07-18 02:59:45,771 [main] INFO treasure2 | TreasureTags.java:167 | registering lock -> treasure2:onyx_lock by rarity -> SCARCE
2025-07-18 02:59:45,771 [main] INFO treasure2 | TreasureTags.java:167 | registering lock -> treasure2:spider_lock by rarity -> SCARCE
2025-07-18 02:59:45,771 [main] INFO treasure2 | TreasureTags.java:167 | registering lock -> treasure2:emerald_lock by rarity -> RARE
2025-07-18 02:59:45,771 [main] INFO treasure2 | TreasureTags.java:167 | registering lock -> treasure2:ruby_lock by rarity -> EPIC
2025-07-18 02:59:45,772 [main] INFO treasure2 | TreasureTags.java:167 | registering lock -> treasure2:stone_lock by rarity -> COMMON
2025-07-18 02:59:45,772 [main] INFO treasure2 | TreasureTags.java:167 | registering lock -> treasure2:leaf_lock by rarity -> UNCOMMON
2025-07-18 02:59:45,772 [main] INFO treasure2 | TreasureTags.java:167 | registering lock -> treasure2:sapphire_lock by rarity -> EPIC
2025-07-18 02:59:45,772 [main] INFO treasure2 | TreasureTags.java:167 | registering lock -> treasure2:diamond_lock by rarity -> RARE
2025-07-18 02:59:45,772 [main] INFO treasure2 | TreasureTags.java:167 | registering lock -> treasure2:ember_lock by rarity -> SCARCE
2025-07-18 02:59:45,772 [main] INFO treasure2 | TreasureTags.java:167 | registering lock -> treasure2:gold_lock by rarity -> SCARCE
2025-07-18 02:59:45,772 [main] INFO treasure2 | TreasureTags.java:167 | registering lock -> treasure2:wood_lock by rarity -> COMMON
2025-07-18 02:59:45,772 [main] INFO treasure2 | TreasureTags.java:167 | registering lock -> treasure2:iron_lock by rarity -> UNCOMMON
2025-07-18 02:59:45,772 [main] INFO treasure2 | TreasureTags.java:167 | registering lock -> treasure2:topaz_lock by rarity -> SCARCE
2025-07-18 02:59:45,772 [main] INFO treasure2 | TreasureTags.java:184 | registering chest -> treasure2:barrel_chest by rarity -> UNCOMMON
2025-07-18 02:59:45,773 [main] INFO treasure2 | TreasureTags.java:184 | registering chest -> treasure2:viking_chest by rarity -> UNCOMMON
2025-07-18 02:59:45,773 [main] INFO treasure2 | TreasureTags.java:184 | registering chest -> treasure2:pirate_chest by rarity -> SCARCE
2025-07-18 02:59:45,773 [main] INFO treasure2 | TreasureTags.java:184 | registering chest -> treasure2:safe by rarity -> RARE
2025-07-18 02:59:45,773 [main] INFO treasure2 | TreasureTags.java:184 | registering chest -> treasure2:cauldron_chest by rarity -> CAULDRON
2025-07-18 02:59:45,773 [main] INFO treasure2 | TreasureTags.java:184 | registering chest -> treasure2:crate_chest by rarity -> UNCOMMON
2025-07-18 02:59:45,773 [main] INFO treasure2 | TreasureTags.java:184 | registering chest -> treasure2:crate_chest_moldy by rarity -> COMMON
2025-07-18 02:59:45,773 [main] INFO treasure2 | TreasureTags.java:184 | registering chest -> treasure2:dread_pirate_chest by rarity -> EPIC
2025-07-18 02:59:45,773 [main] INFO treasure2 | TreasureTags.java:184 | registering chest -> treasure2:spider_chest by rarity -> RARE
2025-07-18 02:59:45,773 [main] INFO treasure2 | TreasureTags.java:184 | registering chest -> treasure2:ironbound_chest by rarity -> UNCOMMON
2025-07-18 02:59:45,773 [main] INFO treasure2 | TreasureTags.java:184 | registering chest -> treasure2:skull_chest by rarity -> SKULL
2025-07-18 02:59:45,773 [main] INFO treasure2 | TreasureTags.java:184 | registering chest -> treasure2:milk_crate by rarity -> COMMON
2025-07-18 02:59:45,774 [main] INFO treasure2 | TreasureTags.java:184 | registering chest -> treasure2:vanilla_chest by rarity -> COMMON
2025-07-18 02:59:45,774 [main] INFO treasure2 | TreasureTags.java:184 | registering chest -> treasure2:gold_skull_chest by rarity -> GOLD_SKULL
2025-07-18 02:59:45,774 [main] INFO treasure2 | TreasureTags.java:184 | registering chest -> treasure2:gold_strongbox by rarity -> RARE
2025-07-18 02:59:45,774 [main] INFO treasure2 | TreasureTags.java:184 | registering chest -> treasure2:iron_strongbox by rarity -> SCARCE
2025-07-18 02:59:45,774 [main] INFO treasure2 | TreasureTags.java:184 | registering chest -> treasure2:crystal_skull_chest by rarity -> CRYSTAL_SKULL
2025-07-18 02:59:45,774 [main] INFO treasure2 | TreasureTags.java:184 | registering chest -> treasure2:wood_chest by rarity -> COMMON
2025-07-18 02:59:45,774 [main] INFO treasure2 | TreasureTags.java:184 | registering chest -> treasure2:wither_chest by rarity -> WITHER
2025-07-18 02:59:45,774 [main] INFO treasure2 | TreasureTags.java:184 | registering chest -> treasure2:compressor_chest by rarity -> EPIC
2025-07-18 02:59:45,774 [main] INFO treasure2 | TreasureTags.java:184 | registering chest -> treasure2:cardboard_box by rarity -> COMMON
2025-07-18 02:59:45,775 [main] INFO treasure2 | TreasureTags.java:201 | registering wishable -> treasure2:onyx by rarity -> RARE
2025-07-18 02:59:45,775 [main] INFO treasure2 | TreasureTags.java:201 | registering wishable -> treasure2:ruby by rarity -> RARE
2025-07-18 02:59:45,775 [main] INFO treasure2 | TreasureTags.java:201 | registering wishable -> treasure2:white_pearl by rarity -> RARE
2025-07-18 02:59:45,775 [main] INFO treasure2 | TreasureTags.java:201 | registering wishable -> treasure2:sapphire by rarity -> EPIC
2025-07-18 02:59:45,775 [main] INFO treasure2 | TreasureTags.java:201 | registering wishable -> treasure2:black_pearl by rarity -> EPIC
2025-07-18 02:59:45,775 [main] INFO treasure2 | TreasureTags.java:201 | registering wishable -> treasure2:gold_coin by rarity -> SCARCE
2025-07-18 02:59:45,775 [main] INFO treasure2 | TreasureTags.java:201 | registering wishable -> treasure2:topaz by rarity -> SCARCE
2025-07-18 02:59:45,775 [main] INFO treasure2 | TreasureTags.java:201 | registering wishable -> minecraft:diamond by rarity -> SCARCE
2025-07-18 02:59:45,775 [main] INFO treasure2 | TreasureTags.java:201 | registering wishable -> minecraft:emerald by rarity -> SCARCE
2025-07-18 02:59:45,775 [main] INFO treasure2 | TreasureTags.java:201 | registering wishable -> treasure2:silver_coin by rarity -> UNCOMMON
2025-07-18 02:59:45,775 [main] INFO treasure2 | TreasureTags.java:201 | registering wishable -> treasure2:copper_coin by rarity -> COMMON
2025-07-18 02:59:46,130 [Server thread] INFO treasure2 | Config.java:760 | transforming mob set config...
2025-07-18 02:59:46,136 [Server thread] INFO treasure2 | Config.java:769 | adding mobset to map -> MobSet{name='treasure2:wishing_well_group', category='wishing_wells', biomeWhitelist=[], biomeBlacklist=[], count=IntegerRange [min=1, max=3], mobs=[WeightedMob{name='minecraft:zombie', weight=35}, WeightedMob{name='minecraft:zombie_villager', weight=10}, WeightedMob{name='minecraft:skeleton', weight=35}, WeightedMob{name='minecraft:vex', weight=20}, WeightedMob{name='minecraft:creeper', weight=15}, WeightedMob{name='minecraft:slime', weight=5}]}
2025-07-18 02:59:46,137 [Server thread] INFO treasure2 | Config.java:769 | adding mobset to map -> MobSet{name='treasure2:wither_tree_group', category='wither_trees', biomeWhitelist=[], biomeBlacklist=[], count=IntegerRange [min=1, max=3], mobs=[WeightedMob{name='minecraft:wither_skeleton', weight=90}, WeightedMob{name='minecraft:skeleton', weight=10}]}
2025-07-18 02:59:46,137 [Server thread] INFO treasure2 | Config.java:769 | adding mobset to map -> MobSet{name='treasure2:small_zombie_group', category='zombies', biomeWhitelist=[], biomeBlacklist=[], count=IntegerRange [min=1, max=3], mobs=[WeightedMob{name='minecraft:zombie', weight=90}, WeightedMob{name='minecraft:zombie_villager', weight=10}]}
2025-07-18 02:59:46,137 [Server thread] INFO treasure2 | Config.java:769 | adding mobset to map -> MobSet{name='treasure2:medium_zombie_group', category='zombies', biomeWhitelist=[], biomeBlacklist=[], count=IntegerRange [min=2, max=5], mobs=[WeightedMob{name='minecraft:zombie', weight=90}, WeightedMob{name='minecraft:zombie_villager', weight=10}]}
2025-07-18 02:59:46,602 [Server thread] INFO treasure2 | WorldEventHandler.java:54 | In world load event
2025-07-18 02:59:46,603 [Server thread] INFO treasure2 | WorldEventHandler.java:64 | In world load event for dimension minecraft:overworld
2025-07-18 02:59:46,613 [Server thread] INFO treasure2 | MobSetRegistry.java:37 | mobSetConfig optional ...
2025-07-18 02:59:46,614 [Server thread] INFO treasure2 | MobSetRegistry.java:39 | mobSetConfig is present
2025-07-18 02:59:47,061 [Server thread] WARN treasure2 | TreasureTemplateRegistry.java:791 | biome -> 'minecraft:desert' is not registgered
2025-07-18 02:59:47,061 [Server thread] WARN treasure2 | TreasureTemplateRegistry.java:791 | biome -> 'minecraft:desert' is not registgered
2025-07-18 02:59:47,062 [Server thread] WARN treasure2 | TreasureTemplateRegistry.java:791 | biome -> 'minecraft:desert' is not registgered
2025-07-18 02:59:47,062 [Server thread] WARN treasure2 | TreasureTemplateRegistry.java:791 | biome -> 'minecraft:desert' is not registgered
2025-07-18 02:59:47,062 [Server thread] WARN treasure2 | TreasureTemplateRegistry.java:791 | biome -> 'minecraft:desert' is not registgered
2025-07-18 02:59:47,062 [Server thread] WARN treasure2 | TreasureTemplateRegistry.java:791 | biome -> 'minecraft:desert' is not registgered
2025-07-18 02:59:47,062 [Server thread] WARN treasure2 | TreasureTemplateRegistry.java:791 | biome -> 'minecraft:desert' is not registgered
2025-07-18 02:59:47,062 [Server thread] WARN treasure2 | TreasureTemplateRegistry.java:791 | biome -> 'minecraft:desert' is not registgered
2025-07-18 02:59:49,241 [Server thread] INFO treasure2 | WorldEventHandler.java:54 | In world load event
2025-07-18 02:59:49,241 [Server thread] INFO treasure2 | WorldEventHandler.java:64 | In world load event for dimension minecraft:the_end
2025-07-18 02:59:49,253 [Server thread] INFO treasure2 | WorldEventHandler.java:54 | In world load event
2025-07-18 02:59:49,253 [Server thread] INFO treasure2 | WorldEventHandler.java:64 | In world load event for dimension minecraft:the_nether
2025-07-18 03:22:29,349 [Worker-Main-1] INFO treasure2 | WellGenerator.java:198 | CHEATER! Wishing Well at coords: -393 69 -6
2025-07-18 03:22:35,403 [Server thread] INFO treasure2 | AbstractTreasureChestBlock.java:162 | AbstractTreasureChestBlock | newBlockEntity | lockStates -> [LockState [slot=LockSlot [index=0, face=NORTH, xOffset=0.5, yOffset=0.5, zOffset=0.0, rotation=0.0], lockItem=null]]
2025-07-18 03:22:35,403 [Server thread] INFO treasure2 | AbstractTreasureChestBlock.java:163 | AbstractTreasureChestBlock | newBlockEntity | tileEntity -> mod.gottsch.forge.treasure2.core.block.entity.BarrelChestBlockEntity@5671480b @ BlockPos{x=-393, y=63, z=2}
2025-07-18 03:22:35,442 [Server thread] INFO treasure2 | PitChestFeatureGenerator.java:130 | CHEATER! UNCOMMON chest at coords: -393 76 2
2025-07-18 03:22:50,336 [Server thread] INFO treasure2 | AbstractTreasureChestBlock.java:162 | AbstractTreasureChestBlock | newBlockEntity | lockStates -> [LockState [slot=LockSlot [index=0, face=NORTH, xOffset=0.5, yOffset=0.412, zOffset=0.15, rotation=0.0], lockItem=null]]
2025-07-18 03:22:50,336 [Server thread] INFO treasure2 | AbstractTreasureChestBlock.java:163 | AbstractTreasureChestBlock | newBlockEntity | tileEntity -> mod.gottsch.forge.treasure2.core.block.entity.MilkCrateBlockEntity@737337b4 @ BlockPos{x=-437, y=64, z=-223}
2025-07-18 03:22:50,399 [Server thread] INFO treasure2 | PitChestFeatureGenerator.java:130 | CHEATER! COMMON chest at coords: -437 72 -223
2025-07-18 03:27:44,339 [Server thread] INFO treasure2 | AbstractTreasureChestBlock.java:162 | AbstractTreasureChestBlock | newBlockEntity | lockStates -> [LockState [slot=LockSlot [index=0, face=NORTH, xOffset=0.5, yOffset=0.95, zOffset=0.3, rotation=0.0], lockItem=null], LockState [slot=LockSlot [index=1, face=NORTH, xOffset=0.5, yOffset=0.95, zOffset=0.7, rotation=0.0], lockItem=null]]
2025-07-18 03:27:44,339 [Server thread] INFO treasure2 | AbstractTreasureChestBlock.java:163 | AbstractTreasureChestBlock | newBlockEntity | tileEntity -> mod.gottsch.forge.treasure2.core.block.entity.CauldronChestBlockEntity@60110686 @ BlockPos{x=-424, y=31, z=-417}
2025-07-18 03:27:44,368 [Server thread] INFO treasure2 | PitChestFeatureGenerator.java:130 | CHEATER! CAULDRON chest at coords: -424 67 -421
2025-07-18 03:29:27,789 [Server thread] INFO treasure2 | AbstractTreasureChestBlock.java:162 | AbstractTreasureChestBlock | newBlockEntity | lockStates -> [LockState [slot=LockSlot [index=0, face=NORTH, xOffset=0.5, yOffset=0.3, zOffset=0.05, rotation=0.0], lockItem=null]]
2025-07-18 03:29:27,790 [Server thread] INFO treasure2 | AbstractTreasureChestBlock.java:163 | AbstractTreasureChestBlock | newBlockEntity | tileEntity -> mod.gottsch.forge.treasure2.core.block.entity.VanillaChestBlockEntity@65ccfb88 @ BlockPos{x=-50, y=56, z=-424}
2025-07-18 03:29:27,817 [Server thread] INFO treasure2 | PitChestFeatureGenerator.java:130 | CHEATER! COMMON chest at coords: -50 63 -424
